\BOOKMARK [1][-]{section.1}{Fisica della Materia e della Radiazione}{}% 1
\BOOKMARK [2][-]{subsection.1.1}{Motivazioni storiche rilevanti}{section.1}% 2
\BOOKMARK [2][-]{subsection.1.2}{Pacchetto d'onda}{section.1}% 3
\BOOKMARK [1][-]{section.2}{Richiamo sui solidi}{}% 4
\BOOKMARK [2][-]{subsection.2.1}{Reticolo di Bravais}{section.2}% 5
\BOOKMARK [1][-]{section.3}{Teoria elementare della diffrazione}{}% 6
\BOOKMARK [2][-]{subsection.3.1}{Reticolo Semplice}{section.3}% 7
\BOOKMARK [2][-]{subsection.3.2}{Un esempio pi\371 complesso: reticolo con base}{section.3}% 8
\BOOKMARK [2][-]{subsection.3.3}{Un Liquido}{section.3}% 9
\BOOKMARK [1][-]{section.4}{Elettroni nel potenziale periodico}{}% 10
\BOOKMARK [2][-]{subsection.4.1}{Giustificazione fisica del teorema di Bloch}{section.4}% 11
\BOOKMARK [2][-]{subsection.4.2}{Formazione delle bande}{section.4}% 12
\BOOKMARK [2][-]{subsection.4.3}{Soluzione elettrone libero in un potenziale periodico}{section.4}% 13
\BOOKMARK [2][-]{subsection.4.4}{Metodo delle onde piane}{section.4}% 14
\BOOKMARK [2][-]{subsection.4.5}{Legame Forte - Tight Binding}{section.4}% 15
\BOOKMARK [2][-]{subsection.4.6}{Alcune considerazioni di carattere generale}{section.4}% 16
\BOOKMARK [1][-]{section.5}{Degenerazione degli stati}{}% 17
\BOOKMARK [2][-]{subsection.5.1}{Degenerazione degli stati in una banda}{section.5}% 18
\BOOKMARK [2][-]{subsection.5.2}{Singolarit\340 di Van Hove e regola d'oro di Fermi}{section.5}% 19
\BOOKMARK [2][-]{subsection.5.3}{Esempi di elettrone vincolato}{section.5}% 20
\BOOKMARK [3][-]{subsubsection.5.3.1}{Quantum dot}{subsection.5.3}% 21
\BOOKMARK [3][-]{subsubsection.5.3.2}{Filo quantico}{subsection.5.3}% 22
\BOOKMARK [1][-]{section.6}{Dinamica degli elettroni in una banda}{}% 23
\BOOKMARK [2][-]{subsection.6.1}{Oscillazioni di Bloch}{section.6}% 24
\BOOKMARK [1][-]{section.7}{ Propriet\340 vibrazionali dei solidi}{}% 25
\BOOKMARK [2][-]{subsection.7.1}{Reticolo monodimensionale a due atomi}{section.7}% 26
\BOOKMARK [1][-]{section.8}{Magnetismo nella Materia}{}% 27
\BOOKMARK [2][-]{subsection.8.1}{Teorema di Bohr - Van Leeuwen}{section.8}% 28
\BOOKMARK [2][-]{subsection.8.2}{Hamiltoniana di Interazione Magnetica}{section.8}% 29
\BOOKMARK [2][-]{subsection.8.3}{Materiali Isolanti}{section.8}% 30
\BOOKMARK [2][-]{subsection.8.4}{Gas di Elettroni Liberi - I Metalli}{section.8}% 31
